{"name": "test_sub[get_sub_datas1]", "status": "failed", "statusDetails": {"message": "AssertionError: assert 1 == 2", "trace": "self = <testing.test_calc.TestCalc object at 0x00000237AA20AC10>, get_sub_datas = [5, 4, 2]\n\n    @allure.story(\"减法模块\")\n    @pytest.mark.run(order=2)\n    def test_sub(self,get_sub_datas):\n       with allure.step(\"计算两个数相减\"):\n           calc = Calculator()\n           result = calc.sub(get_sub_datas[0],get_sub_datas[1])\n>          assert result == get_sub_datas[2]\nE          assert 1 == 2\n\ntest_calc.py:56: AssertionError"}, "steps": [{"name": "计算两个数相减", "status": "failed", "statusDetails": {"message": "AssertionError: assert 1 == 2\n", "trace": "  File \"D:\\PycharmProjects\\pythonProject\\pytestWork\\testing\\test_calc.py\", line 56, in test_sub\n    assert result == get_sub_datas[2]\n"}, "start": 1614735917310, "stop": 1614735917310}], "parameters": [{"name": "get_sub_datas", "value": "[5, 4, 2]"}], "start": 1614735917310, "stop": 1614735917311, "uuid": "179e53bf-6cbf-4601-940d-cf14c9e6fa9e", "historyId": "5afc5a739b323da4c6bac387c95357b2", "testCaseId": "3b960671b7ce69bb509e37e84b3024bc", "fullName": "test_calc.TestCalc#test_sub", "labels": [{"name": "story", "value": "减法模块"}, {"name": "feature", "value": "计算器"}, {"name": "tag", "value": "run(order=2)"}, {"name": "suite", "value": "test_calc"}, {"name": "subSuite", "value": "TestCalc"}, {"name": "host", "value": "LHTC1CQRZC5VGE5"}, {"name": "thread", "value": "1664-MainThread"}, {"name": "framework", "value": "pytest"}, {"name": "language", "value": "cpython3"}, {"name": "package", "value": "test_calc"}]}